<?xml version="1.0" encoding="UTF-8"?>
<!-- Generated by org.testng.reporters.JUnitReportReporter -->
<testsuite skipped="1" hostname="D-PROD-BP043912" name="prodesp.test.acesso.LoginTest" tests="1" failures="0" timestamp="18 jun 2019 20:05:57 GMT" time="0.000" errors="0">
  <testcase name="login" time="0.000" classname="prodesp.test.acesso.LoginTest">
    <skipped/>
  </testcase> <!-- login -->
</testsuite> <!-- prodesp.test.acesso.LoginTest -->
