<?xml version="1.0" encoding="UTF-8"?>
<!-- Generated by org.testng.reporters.JUnitReportReporter -->
<testsuite skipped="0" hostname="DPSEDEBP161885" name="prodesp.test.documentos.JuntarDesfazerJuntadaTest" tests="1" failures="0" timestamp="20 nov 2020 17:01:48 GMT" time="49.708" errors="0">
  <testcase name="CriarNovoFinalizarAssinarJuntarDesfazerJuntada" time="49.708" classname="prodesp.test.documentos.JuntarDesfazerJuntadaTest"/>
</testsuite> <!-- prodesp.test.documentos.JuntarDesfazerJuntadaTest -->
