<?xml version="1.0" encoding="UTF-8"?>
<!-- Generated by org.testng.reporters.JUnitReportReporter -->
<testsuite skipped="0" hostname="DPSEDEBP161885" name="prodesp.test.documentos.CriarNovoDuplicarTest" tests="1" failures="0" timestamp="20 nov 2020 17:01:48 GMT" time="23.188" errors="0">
  <testcase name="CriarNovoDuplicar" time="23.188" classname="prodesp.test.documentos.CriarNovoDuplicarTest"/>
</testsuite> <!-- prodesp.test.documentos.CriarNovoDuplicarTest -->
