<?xml version="1.0" encoding="UTF-8"?>
<!-- Generated by org.testng.reporters.JUnitReportReporter -->
<testsuite skipped="0" hostname="DPSEDEBP161885" name="prodesp.test.documentos.AssinarDocumentoOutroUsuarioAssinaTest" tests="1" failures="0" timestamp="20 nov 2020 13:00:09 GMT" time="20.564" errors="0">
  <testcase name="criarAssinarDocumentoOutroUsuario" time="20.564" classname="prodesp.test.documentos.AssinarDocumentoOutroUsuarioAssinaTest"/>
</testsuite> <!-- prodesp.test.documentos.AssinarDocumentoOutroUsuarioAssinaTest -->
