<?xml version="1.0" encoding="UTF-8"?>
<!-- Generated by org.testng.reporters.JUnitReportReporter -->
<testsuite skipped="0" hostname="DPSEDEBP161885" name="prodesp.test.documentos.FinalizarAnotarTest" tests="1" failures="0" timestamp="20 nov 2020 17:01:47 GMT" time="28.493" errors="0">
  <testcase name="CriarNovoFinalizarAnotar" time="28.493" classname="prodesp.test.documentos.FinalizarAnotarTest"/>
</testsuite> <!-- prodesp.test.documentos.FinalizarAnotarTest -->
