<?xml version="1.0" encoding="UTF-8"?>
<!-- Generated by org.testng.reporters.JUnitReportReporter -->
<testsuite skipped="0" hostname="DPSEDEBP161885" name="prodesp.test.documentos.IncluirDocumentoDesfazerJuntadaTest" tests="1" failures="0" timestamp="20 ago 2020 13:32:50 GMT" time="26.030" errors="0">
  <testcase name="CriarNovoIncluirDocumento" time="26.030" classname="prodesp.test.documentos.IncluirDocumentoDesfazerJuntadaTest"/>
</testsuite> <!-- prodesp.test.documentos.IncluirDocumentoDesfazerJuntadaTest -->
