<?xml version="1.0" encoding="UTF-8"?>
<!-- Generated by org.testng.reporters.JUnitReportReporter -->
<testsuite skipped="0" hostname="DPSEDEBP043912" name="prodesp.test.documentos.ExcluirDocumentoNaoAssinadoTest" tests="1" failures="0" timestamp="08 jan 2020 21:05:41 GMT" time="29.510" errors="0">
  <testcase name="CriarExcluirConfirmarDocumento" time="29.510" classname="prodesp.test.documentos.ExcluirDocumentoNaoAssinadoTest"/>
</testsuite> <!-- prodesp.test.documentos.ExcluirDocumentoNaoAssinadoTest -->
