<?xml version="1.0" encoding="UTF-8"?>
<!-- Generated by org.testng.reporters.JUnitReportReporter -->
<testsuite skipped="0" hostname="DPSEDEBP161885" name="prodesp.test.documentos.AutenticarDocumentoCapturadoTest" tests="1" failures="0" timestamp="22 jun 2020 15:00:04 GMT" time="30.513" errors="0">
  <testcase name="CriarAutenticarCapturarDocumento" time="30.513" classname="prodesp.test.documentos.AutenticarDocumentoCapturadoTest"/>
</testsuite> <!-- prodesp.test.documentos.AutenticarDocumentoCapturadoTest -->
