<?xml version="1.0" encoding="UTF-8"?>
<!-- Generated by org.testng.reporters.JUnitReportReporter -->
<testsuite skipped="0" hostname="DPSEDEBP161885" name="prodesp.test.documentos.AssinarDocumentoPorFuncaoTest" tests="1" failures="0" timestamp="20 nov 2020 17:01:48 GMT" time="35.480" errors="0">
  <testcase name="criarAssinarDocumentoFuncao" time="35.480" classname="prodesp.test.documentos.AssinarDocumentoPorFuncaoTest"/>
</testsuite> <!-- prodesp.test.documentos.AssinarDocumentoPorFuncaoTest -->
