<?xml version="1.0" encoding="UTF-8"?>
<!-- Generated by org.testng.reporters.JUnitReportReporter -->
<testsuite skipped="0" hostname="DPSEDEBP161885" name="prodesp.test.documentos.DesfazerArquivamentoCorrenteTest" tests="1" failures="0" timestamp="24 ago 2020 17:01:41 GMT" time="40.078" errors="0">
  <testcase name="CriarAssinarDocumento" time="40.078" classname="prodesp.test.documentos.DesfazerArquivamentoCorrenteTest"/>
</testsuite> <!-- prodesp.test.documentos.DesfazerArquivamentoCorrenteTest -->
