<?xml version="1.0" encoding="UTF-8"?>
<!-- Generated by org.testng.reporters.JUnitReportReporter -->
<testsuite skipped="0" hostname="DPSEDEBP161885" name="prodesp.test.documentos.JuntarDocumentosTest" tests="1" failures="0" timestamp="11 ago 2020 20:16:42 GMT" time="44.249" errors="0">
  <testcase name="CriarAssinarJuntarDocumento" time="44.249" classname="prodesp.test.documentos.JuntarDocumentosTest"/>
</testsuite> <!-- prodesp.test.documentos.JuntarDocumentosTest -->
