<?xml version="1.0" encoding="UTF-8"?>
<!-- Generated by org.testng.reporters.JUnitReportReporter -->
<testsuite skipped="0" hostname="DPSEDEBP161885" name="prodesp.test.documentos.SobrestarTest" tests="1" failures="0" timestamp="20 nov 2020 17:01:47 GMT" time="37.968" errors="0">
  <testcase name="CriarNovoAssinarSobrestar" time="37.968" classname="prodesp.test.documentos.SobrestarTest"/>
</testsuite> <!-- prodesp.test.documentos.SobrestarTest -->
