<?xml version="1.0" encoding="UTF-8"?>
<!-- Generated by org.testng.reporters.JUnitReportReporter -->
<testsuite skipped="0" hostname="DPSEDEBP161885" name="prodesp.test.documentos.ArquivamentoCorrenteDesarquivamentoCorrenteTest" tests="1" failures="0" timestamp="20 nov 2020 19:25:01 GMT" time="37.069" errors="0">
  <testcase name="CriarNovoAssinarArquivamentoCorrenteDesarquivamentoCorrente" time="37.069" classname="prodesp.test.documentos.ArquivamentoCorrenteDesarquivamentoCorrenteTest"/>
</testsuite> <!-- prodesp.test.documentos.ArquivamentoCorrenteDesarquivamentoCorrenteTest -->
