<?xml version="1.0" encoding="UTF-8"?>
<!-- Generated by org.testng.reporters.JUnitReportReporter -->
<testsuite skipped="0" hostname="DPSEDEBP161885" name="prodesp.test.documentos.AssinarApensarTest" tests="1" failures="0" timestamp="02 out 2020 19:02:59 GMT" time="38.969" errors="0">
  <testcase name="CriarNovoAssinarApensar" time="38.969" classname="prodesp.test.documentos.AssinarApensarTest"/>
</testsuite> <!-- prodesp.test.documentos.AssinarApensarTest -->
