<?xml version="1.0" encoding="UTF-8"?>
<!-- Generated by org.testng.reporters.JUnitReportReporter -->
<testsuite skipped="0" hostname="DPSEDEBP161885" name="prodesp.test.documentos.EditarDocumentoTest" tests="1" failures="0" timestamp="22 jun 2020 15:00:04 GMT" time="30.104" errors="0">
  <testcase name="CriarEditarDocumento" time="30.104" classname="prodesp.test.documentos.EditarDocumentoTest"/>
</testsuite> <!-- prodesp.test.documentos.EditarDocumentoTest -->
