<?xml version="1.0" encoding="UTF-8"?>
<!-- Generated by org.testng.reporters.JUnitReportReporter -->
<testsuite skipped="0" hostname="DPSEDEBP161885" name="prodesp.test.documentos.DefinirAcompanhamentoTest" tests="1" failures="0" timestamp="20 nov 2020 17:01:48 GMT" time="39.114" errors="0">
  <testcase name="CriarAssinarDefinirAcompanhamentoDocumento" time="39.114" classname="prodesp.test.documentos.DefinirAcompanhamentoTest"/>
</testsuite> <!-- prodesp.test.documentos.DefinirAcompanhamentoTest -->
