<?xml version="1.0" encoding="UTF-8"?>
<!-- Generated by org.testng.reporters.JUnitReportReporter -->
<testsuite skipped="0" hostname="DPSEDEBP161885" name="prodesp.test.documentos.AssinarDocumentoSubstitutoTest" tests="1" failures="0" timestamp="20 nov 2020 17:01:48 GMT" time="32.595" errors="0">
  <testcase name="criarAssinarDocumentoOutroUsuario" time="32.595" classname="prodesp.test.documentos.AssinarDocumentoSubstitutoTest"/>
</testsuite> <!-- prodesp.test.documentos.AssinarDocumentoSubstitutoTest -->
