<?xml version="1.0" encoding="UTF-8"?>
<!-- Generated by org.testng.reporters.JUnitReportReporter -->
<testsuite skipped="0" hostname="DPSEDEBP161885" name="prodesp.test.documentos.AssinarDocumentOutroUsuarioAssinaTest" tests="1" failures="0" timestamp="18 nov 2020 16:04:22 GMT" time="19.864" errors="0">
  <testcase name="criarAssinarDocumentoOutroUsuario" time="19.864" classname="prodesp.test.documentos.AssinarDocumentOutroUsuarioAssinaTest"/>
</testsuite> <!-- prodesp.test.documentos.AssinarDocumentOutroUsuarioAssinaTest -->
