<?xml version="1.0" encoding="UTF-8"?>
<!-- Generated by org.testng.reporters.JUnitReportReporter -->
<testsuite skipped="0" hostname="DPSEDEBP161885" name="prodesp.test.documentos.ArquivoCorrenteTest" tests="1" failures="0" timestamp="20 nov 2020 19:17:29 GMT" time="39.381" errors="0">
  <testcase name="CriarNovoAssinarArquivoCorrenteTest" time="39.381" classname="prodesp.test.documentos.ArquivoCorrenteTest"/>
</testsuite> <!-- prodesp.test.documentos.ArquivoCorrenteTest -->
