<?xml version="1.0" encoding="UTF-8"?>
<!-- Generated by org.testng.reporters.JUnitReportReporter -->
<testsuite skipped="0" hostname="DPSEDEBP043912" name="prodesp.test.documentos.AssinarDocumentoExpedienteTest" tests="1" failures="0" timestamp="07 jan 2020 13:31:34 GMT" time="48.075" errors="0">
  <testcase name="criarNovoExpedienteDocumento" time="48.075" classname="prodesp.test.documentos.AssinarDocumentoExpedienteTest"/>
</testsuite> <!-- prodesp.test.documentos.AssinarDocumentoExpedienteTest -->
