<?xml version="1.0" encoding="UTF-8"?>
<!-- Generated by org.testng.reporters.JUnitReportReporter -->
<testsuite skipped="0" hostname="DPSEDEBP161885" name="prodesp.test.documentos.DesarquivamentoCorrenteTest" tests="1" failures="0" timestamp="11 ago 2020 20:16:42 GMT" time="37.570" errors="0">
  <testcase name="CriarAssinarDocumento" time="37.570" classname="prodesp.test.documentos.DesarquivamentoCorrenteTest"/>
</testsuite> <!-- prodesp.test.documentos.DesarquivamentoCorrenteTest -->
