<?xml version="1.0" encoding="UTF-8"?>
<!-- Generated by org.testng.reporters.JUnitReportReporter -->
<testsuite skipped="0" hostname="DPSEDEBP161885" name="prodesp.test.documentos.JuntarTest" tests="1" failures="0" timestamp="20 nov 2020 17:01:47 GMT" time="44.747" errors="0">
  <testcase name="CriarNovoFinalizarAssinarJuntar" time="44.747" classname="prodesp.test.documentos.JuntarTest"/>
</testsuite> <!-- prodesp.test.documentos.JuntarTest -->
