<?xml version="1.0" encoding="UTF-8"?>
<!-- Generated by org.testng.reporters.JUnitReportReporter -->
<testsuite skipped="0" hostname="DPSEDEBP161885" name="prodesp.test.documentos.AnotarTest" tests="1" failures="0" timestamp="20 nov 2020 17:01:48 GMT" time="28.663" errors="0">
  <testcase name="CriarNovoFinalizarAnotar" time="28.663" classname="prodesp.test.documentos.AnotarTest"/>
</testsuite> <!-- prodesp.test.documentos.AnotarTest -->
