<?xml version="1.0" encoding="UTF-8"?>
<!-- Generated by org.testng.reporters.JUnitReportReporter -->
<testsuite skipped="0" hostname="DPSEDEBP161885" name="prodesp.test.documentos.AssinarTest" tests="1" failures="0" timestamp="20 nov 2020 18:06:40 GMT" time="35.491" errors="0">
  <testcase name="CriarNovoAssinar" time="35.491" classname="prodesp.test.documentos.AssinarTest"/>
</testsuite> <!-- prodesp.test.documentos.AssinarTest -->
