<?xml version="1.0" encoding="UTF-8"?>
<!-- Generated by org.testng.reporters.JUnitReportReporter -->
<testsuite skipped="0" hostname="DPSEDEBP161885" name="prodesp.test.documentos.FinalizarTest" tests="1" failures="0" timestamp="20 nov 2020 17:01:48 GMT" time="27.251" errors="0">
  <testcase name="CriarNovoFinalizar" time="27.251" classname="prodesp.test.documentos.FinalizarTest"/>
</testsuite> <!-- prodesp.test.documentos.FinalizarTest -->
