<?xml version="1.0" encoding="UTF-8"?>
<!-- Generated by org.testng.reporters.JUnitReportReporter -->
<testsuite skipped="0" hostname="DPSEDEBP161885" name="prodesp.test.acesso.LoginTest" tests="1" failures="0" timestamp="11 ago 2020 19:10:49 GMT" time="21.485" errors="0">
  <testcase name="loginSucesso" time="21.485" classname="prodesp.test.acesso.LoginTest"/>
</testsuite> <!-- prodesp.test.acesso.LoginTest -->
