<?xml version="1.0" encoding="UTF-8"?>
<!-- Generated by org.testng.reporters.JUnitReportReporter -->
<testsuite skipped="0" hostname="DPSEDEBP161885" name="prodesp.test.documentos.CancelarTest" tests="1" failures="0" timestamp="20 nov 2020 17:01:48 GMT" time="38.161" errors="0">
  <testcase name="CriarAssinarDocumento" time="38.161" classname="prodesp.test.documentos.CancelarTest"/>
</testsuite> <!-- prodesp.test.documentos.CancelarTest -->
