<?xml version="1.0" encoding="UTF-8"?>
<!-- Generated by org.testng.reporters.JUnitReportReporter -->
<testsuite skipped="0" hostname="DPSEDEBP161885" name="prodesp.test.documentos.ApensarTest" tests="1" failures="0" timestamp="20 nov 2020 17:01:48 GMT" time="37.878" errors="0">
  <testcase name="CriarNovoAssinarApensar" time="37.878" classname="prodesp.test.documentos.ApensarTest"/>
</testsuite> <!-- prodesp.test.documentos.ApensarTest -->
