<?xml version="1.0" encoding="UTF-8"?>
<!-- Generated by org.testng.reporters.JUnitReportReporter -->
<testsuite skipped="0" hostname="DPSEDEBP161885" name="prodesp.test.documentos.ReclassificarTest" tests="1" failures="0" timestamp="20 nov 2020 17:01:47 GMT" time="39.174" errors="0">
  <testcase name="CriarNovoAssinar" time="39.174" classname="prodesp.test.documentos.ReclassificarTest"/>
</testsuite> <!-- prodesp.test.documentos.ReclassificarTest -->
