<?xml version="1.0" encoding="UTF-8"?>
<!-- Generated by org.testng.reporters.JUnitReportReporter -->
<testsuite skipped="0" hostname="DPSEDEBP161885" name="prodesp.test.documentos.AssinarTramitarTest" tests="1" failures="0" timestamp="20 nov 2020 17:01:47 GMT" time="39.301" errors="0">
  <testcase name="CriarNovoAssinarTramitar" time="39.301" classname="prodesp.test.documentos.AssinarTramitarTest"/>
</testsuite> <!-- prodesp.test.documentos.AssinarTramitarTest -->
