<?xml version="1.0" encoding="UTF-8"?>
<!-- Generated by org.testng.reporters.JUnitReportReporter -->
<testsuite skipped="0" hostname="DPSEDEBP161885" name="prodesp.test.documentos.CriarNovoExcluirTest" tests="1" failures="0" timestamp="20 nov 2020 17:01:48 GMT" time="26.550" errors="0">
  <testcase name="CriarNovoExcluir" time="26.550" classname="prodesp.test.documentos.CriarNovoExcluirTest"/>
</testsuite> <!-- prodesp.test.documentos.CriarNovoExcluirTest -->
