<?xml version="1.0" encoding="UTF-8"?>
<!-- Generated by org.testng.reporters.JUnitReportReporter -->
<testsuite skipped="0" hostname="DPSEDEBP161885" name="prodesp.test.documentos.VisualizarHistoricoMovimentacaoTest" tests="1" failures="0" timestamp="25 ago 2020 14:04:53 GMT" time="37.773" errors="0">
  <testcase name="CriarAssinarDocumento" time="37.773" classname="prodesp.test.documentos.VisualizarHistoricoMovimentacaoTest"/>
</testsuite> <!-- prodesp.test.documentos.VisualizarHistoricoMovimentacaoTest -->
