<?xml version="1.0" encoding="UTF-8"?>
<!-- Generated by org.testng.reporters.JUnitReportReporter -->
<testsuite skipped="0" hostname="DPSEDEBP161885" name="prodesp.test.documentos.HistoricoTest" tests="1" failures="0" timestamp="20 nov 2020 17:01:48 GMT" time="36.494" errors="0">
  <testcase name="CriarNovoAssinarHistorico" time="36.494" classname="prodesp.test.documentos.HistoricoTest"/>
</testsuite> <!-- prodesp.test.documentos.HistoricoTest -->
