<?xml version="1.0" encoding="UTF-8"?>
<!-- Generated by org.testng.reporters.JUnitReportReporter -->
<testsuite skipped="0" hostname="DPSEDEBP161885" name="prodesp.test.documentos.DesfazerDefinicaoDeAcompanhamentoTest" tests="1" failures="0" timestamp="24 ago 2020 17:16:58 GMT" time="42.115" errors="0">
  <testcase name="CriarAssinarDefinirAcompanhamento" time="42.115" classname="prodesp.test.documentos.DesfazerDefinicaoDeAcompanhamentoTest"/>
</testsuite> <!-- prodesp.test.documentos.DesfazerDefinicaoDeAcompanhamentoTest -->
