<?xml version="1.0" encoding="UTF-8"?>
<!-- Generated by org.testng.reporters.JUnitReportReporter -->
<testsuite skipped="0" hostname="DPSEDEBP161885" name="prodesp.test.documentos.TramitarDesfazerTramitacaoTest" tests="1" failures="0" timestamp="20 nov 2020 19:28:16 GMT" time="39.205" errors="0">
  <testcase name="CriarNovoAssinarTramitar" time="39.205" classname="prodesp.test.documentos.TramitarDesfazerTramitacaoTest"/>
</testsuite> <!-- prodesp.test.documentos.TramitarDesfazerTramitacaoTest -->
