<?xml version="1.0" encoding="UTF-8"?>
<!-- Generated by org.testng.reporters.JUnitReportReporter -->
<testsuite skipped="0" hostname="DPSEDEBP161885" name="prodesp.test.documentos.CriarNovoFinalizarTest" tests="1" failures="0" timestamp="20 nov 2020 17:01:47 GMT" time="26.572" errors="0">
  <testcase name="CriarNovoFinalizar" time="26.572" classname="prodesp.test.documentos.CriarNovoFinalizarTest"/>
</testsuite> <!-- prodesp.test.documentos.CriarNovoFinalizarTest -->
