<?xml version="1.0" encoding="UTF-8"?>
<!-- Generated by org.testng.reporters.JUnitReportReporter -->
<testsuite skipped="0" hostname="DPSEDEBP161885" name="prodesp.test.documentos.DesfazerTramitacaoTest" tests="1" failures="0" timestamp="24 ago 2020 17:04:49 GMT" time="38.789" errors="0">
  <testcase name="CriarAssinarDocumento" time="38.789" classname="prodesp.test.documentos.DesfazerTramitacaoTest"/>
</testsuite> <!-- prodesp.test.documentos.DesfazerTramitacaoTest -->
