<?xml version="1.0" encoding="UTF-8"?>
<!-- Generated by org.testng.reporters.JUnitReportReporter -->
<testsuite skipped="0" hostname="DPSEDEBP161885" name="prodesp.test.documentos.CriarViaCancelarViaTest" tests="1" failures="0" timestamp="20 nov 2020 17:01:48 GMT" time="37.103" errors="0">
  <testcase name="AssinarAdicionarVia" time="37.103" classname="prodesp.test.documentos.CriarViaCancelarViaTest"/>
</testsuite> <!-- prodesp.test.documentos.CriarViaCancelarViaTest -->
