<?xml version="1.0" encoding="UTF-8"?>
<!-- Generated by org.testng.reporters.JUnitReportReporter -->
<testsuite skipped="0" hostname="DPSEDEBP161885" name="prodesp.test.documentos.AssinarDocumentoTest" tests="1" failures="0" timestamp="01 jul 2020 17:06:43 GMT" time="35.774" errors="0">
  <testcase name="CriarAssinarDocumento" time="35.774" classname="prodesp.test.documentos.AssinarDocumentoTest"/>
</testsuite> <!-- prodesp.test.documentos.AssinarDocumentoTest -->
