<?xml version="1.0" encoding="UTF-8"?>
<!-- Generated by org.testng.reporters.JUnitReportReporter -->
<testsuite skipped="0" hostname="DPSEDEBP161885" name="prodesp.test.documentos.AssinarDocumentoCossignatarioTest" tests="1" failures="0" timestamp="22 jun 2020 15:00:04 GMT" time="47.023" errors="0">
  <testcase name="criarAssinarDocumentoCossignatario" time="47.023" classname="prodesp.test.documentos.AssinarDocumentoCossignatarioTest"/>
</testsuite> <!-- prodesp.test.documentos.AssinarDocumentoCossignatarioTest -->
